<?xml version="1.0" encoding="UTF-8"?>
<!-- Generated by org.testng.reporters.JUnitReportReporter -->
<testsuite hostname="GHOSTsPC" failures="0" tests="1" name="tests.SubscriptionTest" time="28.371" errors="0" timestamp="2022-07-05T09:33:59 IST" skipped="0">
  <testcase classname="tests.SubscriptionTest" name="Subscription" time="28.371"/>
  <system-out/>
</testsuite> <!-- tests.SubscriptionTest -->
