<?xml version="1.0" encoding="UTF-8"?>
<!-- Generated by org.testng.reporters.JUnitReportReporter -->
<testsuite hostname="INLEN8520040051" failures="0" tests="1" name="runner.Runner" time="46.811" errors="0" timestamp="2022-07-08T10:18:04 IST" skipped="0">
  <testcase classname="runner.Runner" name="runScenario" time="46.811"/>
  <system-out/>
</testsuite> <!-- runner.Runner -->
